0 info it worked if it ends with ok
1 verbose cli [ '/opt/node/bin/node', '/opt/node/bin/npm', 'run', 'test' ]
2 info using npm@3.3.12
3 info using node@v5.1.1
4 verbose run-script [ 'pretest', 'test', 'posttest' ]
5 info lifecycle memo_dock_alt@1.0.0~pretest: memo_dock_alt@1.0.0
6 silly lifecycle memo_dock_alt@1.0.0~pretest: no script for pretest, continuing
7 info lifecycle memo_dock_alt@1.0.0~test: memo_dock_alt@1.0.0
8 verbose lifecycle memo_dock_alt@1.0.0~test: unsafe-perm in lifecycle true
9 verbose lifecycle memo_dock_alt@1.0.0~test: PATH: /opt/node/lib/node_modules/npm/bin/node-gyp-bin:/home/ten/ruby_project/memo_dock/lib/alt/node_modules/.bin:/usr/lib/haxe:/home/ten/.rbenv/shims:/home/ten/.rbenv/bin:/usr/local/bin:/usr/bin:/bin:/usr/local/games:/usr/games:/opt/nginx/sbin/:/opt/node/bin/:/opt/phantomjs2/:/opt/haxe:/opt/scala/bin:/home/ten/activator-1.3.7-minimal:/home/ten/Downloads/flex_sdk/bin
10 verbose lifecycle memo_dock_alt@1.0.0~test: CWD: /home/ten/ruby_project/memo_dock/lib/alt
11 silly lifecycle memo_dock_alt@1.0.0~test: Args: [ '-c',
11 silly lifecycle   'istanbul cover --report html _mocha -- --require test/built/reader/setup.js test/built/**/*-test.js' ]
12 silly lifecycle memo_dock_alt@1.0.0~test: Returned: code: 1  signal: null
13 info lifecycle memo_dock_alt@1.0.0~test: Failed to exec test script
14 verbose stack Error: memo_dock_alt@1.0.0 test: `istanbul cover --report html _mocha -- --require test/built/reader/setup.js test/built/**/*-test.js`
14 verbose stack Exit status 1
14 verbose stack     at EventEmitter.<anonymous> (/opt/node/lib/node_modules/npm/lib/utils/lifecycle.js:232:16)
14 verbose stack     at emitTwo (events.js:87:13)
14 verbose stack     at EventEmitter.emit (events.js:172:7)
14 verbose stack     at ChildProcess.<anonymous> (/opt/node/lib/node_modules/npm/lib/utils/spawn.js:24:14)
14 verbose stack     at emitTwo (events.js:87:13)
14 verbose stack     at ChildProcess.emit (events.js:172:7)
14 verbose stack     at maybeClose (internal/child_process.js:818:16)
14 verbose stack     at Process.ChildProcess._handle.onexit (internal/child_process.js:211:5)
15 verbose pkgid memo_dock_alt@1.0.0
16 verbose cwd /home/ten/ruby_project/memo_dock/lib/alt/redux/writer
17 error Linux 3.16.0-4-amd64
18 error argv "/opt/node/bin/node" "/opt/node/bin/npm" "run" "test"
19 error node v5.1.1
20 error npm  v3.3.12
21 error code ELIFECYCLE
22 error memo_dock_alt@1.0.0 test: `istanbul cover --report html _mocha -- --require test/built/reader/setup.js test/built/**/*-test.js`
22 error Exit status 1
23 error Failed at the memo_dock_alt@1.0.0 test script 'istanbul cover --report html _mocha -- --require test/built/reader/setup.js test/built/**/*-test.js'.
23 error Make sure you have the latest version of node.js and npm installed.
23 error If you do, this is most likely a problem with the memo_dock_alt package,
23 error not with npm itself.
23 error Tell the author that this fails on your system:
23 error     istanbul cover --report html _mocha -- --require test/built/reader/setup.js test/built/**/*-test.js
23 error You can get their info via:
23 error     npm owner ls memo_dock_alt
23 error There is likely additional logging output above.
24 verbose exit [ 1, true ]
